  GameObject.cpp
D:\Downloads\GDPHYS_ProgChallenge1\GDPHYS_ProgChallenge1\Dependencies\include\GLFW\glfw3.h(3173,1): warning C4819: The file contains a character that cannot be represented in the current code page (949). Save the file in Unicode format to prevent data loss
  (compiling source file 'GameObject.cpp')
  
D:\Downloads\GDPHYS_ProgChallenge1\GDPHYS_ProgChallenge1\GameObject.cpp(47,60): warning C4267: 'argument': conversion from 'size_t' to 'GLsizei', possible loss of data
D:\Downloads\GDPHYS_ProgChallenge1\GDPHYS_ProgChallenge1\GameObject.cpp(106,72): warning C4312: 'type cast': conversion from 'GLuint' to 'void *' of greater size
D:\Downloads\GDPHYS_ProgChallenge1\GDPHYS_ProgChallenge1\GameObject.cpp(109,72): warning C4312: 'type cast': conversion from 'GLuint' to 'void *' of greater size
  main.cpp
D:\Downloads\GDPHYS_ProgChallenge1\GDPHYS_ProgChallenge1\Dependencies\include\GLFW\glfw3.h(3173,1): warning C4819: The file contains a character that cannot be represented in the current code page (949). Save the file in Unicode format to prevent data loss
  (compiling source file 'main.cpp')
  
D:\Downloads\GDPHYS_ProgChallenge1\GDPHYS_ProgChallenge1\main.cpp(44,45): warning C4244: 'argument': conversion from 'float' to 'int', possible loss of data
D:\Downloads\GDPHYS_ProgChallenge1\GDPHYS_ProgChallenge1\main.cpp(44,31): warning C4244: 'argument': conversion from 'float' to 'int', possible loss of data
D:\Downloads\GDPHYS_ProgChallenge1\GDPHYS_ProgChallenge1\main.cpp(130,31): warning C4244: 'initializing': conversion from 'float' to 'int', possible loss of data
D:\Downloads\GDPHYS_ProgChallenge1\GDPHYS_ProgChallenge1\main.cpp(131,31): warning C4244: 'initializing': conversion from 'float' to 'int', possible loss of data
D:\Downloads\GDPHYS_ProgChallenge1\GDPHYS_ProgChallenge1\main.cpp(132,31): warning C4244: 'initializing': conversion from 'float' to 'int', possible loss of data
  MyVector.cpp
  PhysicsParticle.cpp
  Shader.cpp
  glad.c
  Generating code
  Previous IPDB was built with incompatible compiler, fall back to full compilation.
  All 2254 functions were compiled because no usable IPDB/IOBJ from previous compilation was found.
  Finished generating code
  GDPHYS_Assignment#1.vcxproj -> D:\Downloads\GDPHYS_ProgChallenge1\GDPHYS_ProgChallenge1\x64\Release\GDPHYS_Assignment#1.exe
